<?xml version="1.0" encoding="UTF-8"?>
<testsuite xmlns:xsi="http://www.w3.org/2001/XMLSchema-instance" xsi:noNamespaceSchemaLocation="https://maven.apache.org/surefire/maven-surefire-plugin/xsd/surefire-test-report-3.0.xsd" version="3.0" name="com.hatfieldJuniorSwimmingSchool.LessonBookingTest" time="0.043" tests="3" errors="0" skipped="0" failures="0">
  <properties>
[...]
</properties>
  <testcase name="filterLessonTest" classname="com.hatfieldJuniorSwimmingSchool.LessonBookingTest" time="0.032">
    <system-out><![CDATA[filterLesson
Available bookings:
-------------------
Lesson_Number         Booking_Date          Lesson_Time         
0                     2024-05-06            4 to 5              
]]></system-out>
  </testcase>
  <testcase name="calculateAgeTest" classname="com.hatfieldJuniorSwimmingSchool.LessonBookingTest" time="0.004">
    <system-out><![CDATA[calculateAge
]]></system-out>
  </testcase>
  <testcase name="checkDuplicateBookingTest" classname="com.hatfieldJuniorSwimmingSchool.LessonBookingTest" time="0.003">
    <system-out><![CDATA[checkDuplicateBooking
]]></system-out>
  </testcase>
</testsuite>